dh_auto_configure
dh_auto_build
dh_auto_test
dh_prep
dh_auto_install
dh_install
dh_installdocs
dh_installchangelogs
override_dh_systemd_enable dh_systemd_enable
override_dh_systemd_enable dh_systemd_enable
override_dh_systemd_enable dh_systemd_enable
dh_systemd_enable
dh_systemd_start
override_dh_installlogrotate dh_installlogrotate
dh_installlogrotate
dh_perl
dh_link
dh_compress
dh_fixperms
dh_strip
dh_makeshlibs
dh_shlibdeps
dh_installdeb
dh_gencontrol
dh_md5sums
dh_builddeb
dh_builddeb
dh_builddeb
